0 info it worked if it ends with ok
1 verbose cli [ 'H:\\nodejs\\node.exe',
1 verbose cli   'H:\\nodejs\\node_modules\\npm\\bin\\npm-cli.js',
1 verbose cli   'start' ]
2 info using npm@3.10.10
3 info using node@v6.10.0
4 verbose run-script [ 'prestart', 'start', 'poststart' ]
5 info lifecycle wang@1.0.0~prestart: wang@1.0.0
6 silly lifecycle wang@1.0.0~prestart: no script for prestart, continuing
7 info lifecycle wang@1.0.0~start: wang@1.0.0
8 verbose lifecycle wang@1.0.0~start: unsafe-perm in lifecycle true
9 verbose lifecycle wang@1.0.0~start: PATH: H:\nodejs\node_modules\npm\bin\node-gyp-bin;H:\study_React\node_modules\.bin;E:\cmder\bin;E:\cmder\vendor\conemu-maximus5\ConEmu\Scripts;E:\cmder\vendor\conemu-maximus5;E:\cmder\vendor\conemu-maximus5\ConEmu;C:\Program Files\ImageMagick-7.0.5-Q16;C:\Program Files (x86)\Intel\iCLS Client\;C:\Program Files\Intel\iCLS Client\;C:\windows\system32;C:\windows;C:\windows\System32\Wbem;C:\windows\System32\WindowsPowerShell\v1.0\;C:\Program Files\Intel\Intel(R) Management Engine Components\DAL;C:\Program Files (x86)\Intel\Intel(R) Management Engine Components\DAL;C:\Program Files\Intel\Intel(R) Management Engine Components\IPT;C:\Program Files (x86)\Intel\Intel(R) Management Engine Components\IPT;C:\Program Files (x86)\ATI Technologies\ATI.ACE\Core-Static;C:\Program Files (x86)\Common Files\lenovo\easyplussdk\bin;C:\ProgramData\Lenovo\ReadyApps;H:\nodejs\;E:\SVN\bin;E:\git\Git\cmd;E:\jdk1.7\bin;E:\jdk1.7\jre\bin;E:\apache-tomcat-7.0.53\lib;E:\apache-tomcat-7.0.53\bin;E:\apache-maven-3.3.9\bin;E:\mysql\mysql-5.6.24-winx64\bin;E:\cmder;E:\OpenVPN\bin;E:\TorToiseGit\bin;C:\Users\chao\AppData\Roaming\npm;E:\Microsoft VS Code\bin;C:\Program Files (x86)\CVSNT\;E:\git\Git\usr\bin;E:\git\Git\usr\share\vim\vim74;E:\cmder\
10 verbose lifecycle wang@1.0.0~start: CWD: H:\study_React
11 silly lifecycle wang@1.0.0~start: Args: [ '/d /s /c',
11 silly lifecycle   ' set NODE_ENV=dev && webpack-dev-server --progress --colors --port 3001' ]
12 silly lifecycle wang@1.0.0~start: Returned: code: 3221225786  signal: null
13 info lifecycle wang@1.0.0~start: Failed to exec start script
14 verbose stack Error: wang@1.0.0 start: ` set NODE_ENV=dev && webpack-dev-server --progress --colors --port 3001`
14 verbose stack Exit status 3221225786
14 verbose stack     at EventEmitter.<anonymous> (H:\nodejs\node_modules\npm\lib\utils\lifecycle.js:255:16)
14 verbose stack     at emitTwo (events.js:106:13)
14 verbose stack     at EventEmitter.emit (events.js:191:7)
14 verbose stack     at ChildProcess.<anonymous> (H:\nodejs\node_modules\npm\lib\utils\spawn.js:40:14)
14 verbose stack     at emitTwo (events.js:106:13)
14 verbose stack     at ChildProcess.emit (events.js:191:7)
14 verbose stack     at maybeClose (internal/child_process.js:877:16)
14 verbose stack     at Process.ChildProcess._handle.onexit (internal/child_process.js:226:5)
15 verbose pkgid wang@1.0.0
16 verbose cwd H:\study_React
17 error Windows_NT 6.3.9600
18 error argv "H:\\nodejs\\node.exe" "H:\\nodejs\\node_modules\\npm\\bin\\npm-cli.js" "start"
19 error node v6.10.0
20 error npm  v3.10.10
21 error code ELIFECYCLE
22 error wang@1.0.0 start: ` set NODE_ENV=dev && webpack-dev-server --progress --colors --port 3001`
22 error Exit status 3221225786
23 error Failed at the wang@1.0.0 start script ' set NODE_ENV=dev && webpack-dev-server --progress --colors --port 3001'.
23 error Make sure you have the latest version of node.js and npm installed.
23 error If you do, this is most likely a problem with the wang package,
23 error not with npm itself.
23 error Tell the author that this fails on your system:
23 error      set NODE_ENV=dev && webpack-dev-server --progress --colors --port 3001
23 error You can get information on how to open an issue for this project with:
23 error     npm bugs wang
23 error Or if that isn't available, you can get their info via:
23 error     npm owner ls wang
23 error There is likely additional logging output above.
24 verbose exit [ 1, true ]
